#! /c/Source/iverilog-install/bin/vvp
:ivl_version "12.0 (devel)" "(s20150603-1539-g2693dd32b)";
:ivl_delay_selection "TYPICAL";
:vpi_time_precision + 0;
:vpi_module "C:\iverilog\lib\ivl\system.vpi";
:vpi_module "C:\iverilog\lib\ivl\vhdl_sys.vpi";
:vpi_module "C:\iverilog\lib\ivl\vhdl_textio.vpi";
:vpi_module "C:\iverilog\lib\ivl\v2005_math.vpi";
:vpi_module "C:\iverilog\lib\ivl\va_math.vpi";
S_000001ca6c705620 .scope module, "binadder_tb" "binadder_tb" 2 1;
 .timescale 0 0;
v000001ca6c75fe50_0 .var "A", 3 0;
v000001ca6c75ff90_0 .var "B", 3 0;
v000001ca6c760030_0 .var "Cin", 0 0;
v000001ca6c7600d0_0 .net "Cout", 0 0, L_000001ca6c6ffac0;  1 drivers
v000001ca6c760170_0 .net "Sum", 3 0, L_000001ca6c760710;  1 drivers
S_000001ca6c7057b0 .scope module, "uut" "binadder" 2 8, 3 1 0, S_000001ca6c705620;
 .timescale 0 0;
    .port_info 0 /INPUT 4 "A";
    .port_info 1 /INPUT 4 "B";
    .port_info 2 /INPUT 1 "Cin";
    .port_info 3 /OUTPUT 4 "Sum";
    .port_info 4 /OUTPUT 1 "Cout";
v000001ca6c75fbd0_0 .net "A", 3 0, v000001ca6c75fe50_0;  1 drivers
v000001ca6c75fdb0_0 .net "B", 3 0, v000001ca6c75ff90_0;  1 drivers
v000001ca6c75eaf0_0 .net "Cin", 0 0, v000001ca6c760030_0;  1 drivers
v000001ca6c75eb90_0 .net "Cout", 0 0, L_000001ca6c6ffac0;  alias, 1 drivers
v000001ca6c75f770_0 .net "Sum", 3 0, L_000001ca6c760710;  alias, 1 drivers
v000001ca6c75f950_0 .net "c1", 0 0, L_000001ca6c700850;  1 drivers
v000001ca6c75f270_0 .net "c2", 0 0, L_000001ca6c7002a0;  1 drivers
v000001ca6c75f9f0_0 .net "c3", 0 0, L_000001ca6c7004d0;  1 drivers
L_000001ca6c760210 .part v000001ca6c75fe50_0, 0, 1;
L_000001ca6c75eeb0 .part v000001ca6c75ff90_0, 0, 1;
L_000001ca6c7602b0 .part v000001ca6c75fe50_0, 1, 1;
L_000001ca6c7603f0 .part v000001ca6c75ff90_0, 1, 1;
L_000001ca6c760530 .part v000001ca6c75fe50_0, 2, 1;
L_000001ca6c7605d0 .part v000001ca6c75ff90_0, 2, 1;
L_000001ca6c760670 .part v000001ca6c75fe50_0, 3, 1;
L_000001ca6c75f130 .part v000001ca6c75ff90_0, 3, 1;
L_000001ca6c760710 .concat8 [ 1 1 1 1], L_000001ca6c6ffc80, L_000001ca6c6ff9e0, L_000001ca6c6ffcf0, L_000001ca6c6ffe40;
S_000001ca6c6b64a0 .scope module, "FA0" "full_adder" 3 11, 4 1 0, S_000001ca6c7057b0;
 .timescale 0 0;
    .port_info 0 /INPUT 1 "a";
    .port_info 1 /INPUT 1 "b";
    .port_info 2 /INPUT 1 "cin";
    .port_info 3 /OUTPUT 1 "sum";
    .port_info 4 /OUTPUT 1 "cout";
L_000001ca6c6ffb30 .functor XOR 1, L_000001ca6c760210, L_000001ca6c75eeb0, C4<0>, C4<0>;
L_000001ca6c6ffc80 .functor XOR 1, L_000001ca6c6ffb30, v000001ca6c760030_0, C4<0>, C4<0>;
L_000001ca6c6ffdd0 .functor AND 1, L_000001ca6c760210, L_000001ca6c75eeb0, C4<1>, C4<1>;
L_000001ca6c6fff90 .functor XOR 1, L_000001ca6c760210, L_000001ca6c75eeb0, C4<0>, C4<0>;
L_000001ca6c7005b0 .functor AND 1, v000001ca6c760030_0, L_000001ca6c6fff90, C4<1>, C4<1>;
L_000001ca6c700850 .functor OR 1, L_000001ca6c6ffdd0, L_000001ca6c7005b0, C4<0>, C4<0>;
v000001ca6c6fb830_0 .net *"_ivl_0", 0 0, L_000001ca6c6ffb30;  1 drivers
v000001ca6c6fb1f0_0 .net *"_ivl_4", 0 0, L_000001ca6c6ffdd0;  1 drivers
v000001ca6c6fbc90_0 .net *"_ivl_6", 0 0, L_000001ca6c6fff90;  1 drivers
v000001ca6c6fb6f0_0 .net *"_ivl_8", 0 0, L_000001ca6c7005b0;  1 drivers
v000001ca6c6fb010_0 .net "a", 0 0, L_000001ca6c760210;  1 drivers
v000001ca6c6fbab0_0 .net "b", 0 0, L_000001ca6c75eeb0;  1 drivers
v000001ca6c6fbb50_0 .net "cin", 0 0, v000001ca6c760030_0;  alias, 1 drivers
v000001ca6c6fbbf0_0 .net "cout", 0 0, L_000001ca6c700850;  alias, 1 drivers
v000001ca6c6fb0b0_0 .net "sum", 0 0, L_000001ca6c6ffc80;  1 drivers
S_000001ca6c6b6630 .scope module, "FA1" "full_adder" 3 12, 4 1 0, S_000001ca6c7057b0;
 .timescale 0 0;
    .port_info 0 /INPUT 1 "a";
    .port_info 1 /INPUT 1 "b";
    .port_info 2 /INPUT 1 "cin";
    .port_info 3 /OUTPUT 1 "sum";
    .port_info 4 /OUTPUT 1 "cout";
L_000001ca6c7008c0 .functor XOR 1, L_000001ca6c7602b0, L_000001ca6c7603f0, C4<0>, C4<0>;
L_000001ca6c6ff9e0 .functor XOR 1, L_000001ca6c7008c0, L_000001ca6c700850, C4<0>, C4<0>;
L_000001ca6c6fff20 .functor AND 1, L_000001ca6c7602b0, L_000001ca6c7603f0, C4<1>, C4<1>;
L_000001ca6c700000 .functor XOR 1, L_000001ca6c7602b0, L_000001ca6c7603f0, C4<0>, C4<0>;
L_000001ca6c7001c0 .functor AND 1, L_000001ca6c700850, L_000001ca6c700000, C4<1>, C4<1>;
L_000001ca6c7002a0 .functor OR 1, L_000001ca6c6fff20, L_000001ca6c7001c0, C4<0>, C4<0>;
v000001ca6c75ef50_0 .net *"_ivl_0", 0 0, L_000001ca6c7008c0;  1 drivers
v000001ca6c75f590_0 .net *"_ivl_4", 0 0, L_000001ca6c6fff20;  1 drivers
v000001ca6c75f310_0 .net *"_ivl_6", 0 0, L_000001ca6c700000;  1 drivers
v000001ca6c75f1d0_0 .net *"_ivl_8", 0 0, L_000001ca6c7001c0;  1 drivers
v000001ca6c75f810_0 .net "a", 0 0, L_000001ca6c7602b0;  1 drivers
v000001ca6c75fef0_0 .net "b", 0 0, L_000001ca6c7603f0;  1 drivers
v000001ca6c75ec30_0 .net "cin", 0 0, L_000001ca6c700850;  alias, 1 drivers
v000001ca6c75e910_0 .net "cout", 0 0, L_000001ca6c7002a0;  alias, 1 drivers
v000001ca6c75e9b0_0 .net "sum", 0 0, L_000001ca6c6ff9e0;  1 drivers
S_000001ca6c6b67c0 .scope module, "FA2" "full_adder" 3 13, 4 1 0, S_000001ca6c7057b0;
 .timescale 0 0;
    .port_info 0 /INPUT 1 "a";
    .port_info 1 /INPUT 1 "b";
    .port_info 2 /INPUT 1 "cin";
    .port_info 3 /OUTPUT 1 "sum";
    .port_info 4 /OUTPUT 1 "cout";
L_000001ca6c700380 .functor XOR 1, L_000001ca6c760530, L_000001ca6c7605d0, C4<0>, C4<0>;
L_000001ca6c6ffcf0 .functor XOR 1, L_000001ca6c700380, L_000001ca6c7002a0, C4<0>, C4<0>;
L_000001ca6c7000e0 .functor AND 1, L_000001ca6c760530, L_000001ca6c7605d0, C4<1>, C4<1>;
L_000001ca6c6ffd60 .functor XOR 1, L_000001ca6c760530, L_000001ca6c7605d0, C4<0>, C4<0>;
L_000001ca6c700230 .functor AND 1, L_000001ca6c7002a0, L_000001ca6c6ffd60, C4<1>, C4<1>;
L_000001ca6c7004d0 .functor OR 1, L_000001ca6c7000e0, L_000001ca6c700230, C4<0>, C4<0>;
v000001ca6c75fc70_0 .net *"_ivl_0", 0 0, L_000001ca6c700380;  1 drivers
v000001ca6c75fa90_0 .net *"_ivl_4", 0 0, L_000001ca6c7000e0;  1 drivers
v000001ca6c760490_0 .net *"_ivl_6", 0 0, L_000001ca6c6ffd60;  1 drivers
v000001ca6c75ed70_0 .net *"_ivl_8", 0 0, L_000001ca6c700230;  1 drivers
v000001ca6c75f450_0 .net "a", 0 0, L_000001ca6c760530;  1 drivers
v000001ca6c75f4f0_0 .net "b", 0 0, L_000001ca6c7605d0;  1 drivers
v000001ca6c75fd10_0 .net "cin", 0 0, L_000001ca6c7002a0;  alias, 1 drivers
v000001ca6c75ea50_0 .net "cout", 0 0, L_000001ca6c7004d0;  alias, 1 drivers
v000001ca6c75f630_0 .net "sum", 0 0, L_000001ca6c6ffcf0;  1 drivers
S_000001ca6c7041c0 .scope module, "FA3" "full_adder" 3 14, 4 1 0, S_000001ca6c7057b0;
 .timescale 0 0;
    .port_info 0 /INPUT 1 "a";
    .port_info 1 /INPUT 1 "b";
    .port_info 2 /INPUT 1 "cin";
    .port_info 3 /OUTPUT 1 "sum";
    .port_info 4 /OUTPUT 1 "cout";
L_000001ca6c6ffa50 .functor XOR 1, L_000001ca6c760670, L_000001ca6c75f130, C4<0>, C4<0>;
L_000001ca6c6ffe40 .functor XOR 1, L_000001ca6c6ffa50, L_000001ca6c7004d0, C4<0>, C4<0>;
L_000001ca6c700070 .functor AND 1, L_000001ca6c760670, L_000001ca6c75f130, C4<1>, C4<1>;
L_000001ca6c700150 .functor XOR 1, L_000001ca6c760670, L_000001ca6c75f130, C4<0>, C4<0>;
L_000001ca6c700620 .functor AND 1, L_000001ca6c7004d0, L_000001ca6c700150, C4<1>, C4<1>;
L_000001ca6c6ffac0 .functor OR 1, L_000001ca6c700070, L_000001ca6c700620, C4<0>, C4<0>;
v000001ca6c75fb30_0 .net *"_ivl_0", 0 0, L_000001ca6c6ffa50;  1 drivers
v000001ca6c75f8b0_0 .net *"_ivl_4", 0 0, L_000001ca6c700070;  1 drivers
v000001ca6c75f090_0 .net *"_ivl_6", 0 0, L_000001ca6c700150;  1 drivers
v000001ca6c75ecd0_0 .net *"_ivl_8", 0 0, L_000001ca6c700620;  1 drivers
v000001ca6c760350_0 .net "a", 0 0, L_000001ca6c760670;  1 drivers
v000001ca6c75f6d0_0 .net "b", 0 0, L_000001ca6c75f130;  1 drivers
v000001ca6c75ee10_0 .net "cin", 0 0, L_000001ca6c7004d0;  alias, 1 drivers
v000001ca6c75eff0_0 .net "cout", 0 0, L_000001ca6c6ffac0;  alias, 1 drivers
v000001ca6c75f3b0_0 .net "sum", 0 0, L_000001ca6c6ffe40;  1 drivers
    .scope S_000001ca6c705620;
T_0 ;
    %vpi_call 2 11 "$dumpfile", "waveform.vcd" {0 0 0};
    %vpi_call 2 12 "$dumpvars", 32'sb00000000000000000000000000000000, S_000001ca6c705620 {0 0 0};
    %pushi/vec4 0, 0, 4;
    %store/vec4 v000001ca6c75fe50_0, 0, 4;
    %pushi/vec4 0, 0, 4;
    %store/vec4 v000001ca6c75ff90_0, 0, 4;
    %pushi/vec4 0, 0, 1;
    %store/vec4 v000001ca6c760030_0, 0, 1;
    %delay 10, 0;
    %pushi/vec4 5, 0, 4;
    %store/vec4 v000001ca6c75fe50_0, 0, 4;
    %pushi/vec4 3, 0, 4;
    %store/vec4 v000001ca6c75ff90_0, 0, 4;
    %pushi/vec4 0, 0, 1;
    %store/vec4 v000001ca6c760030_0, 0, 1;
    %delay 10, 0;
    %pushi/vec4 15, 0, 4;
    %store/vec4 v000001ca6c75fe50_0, 0, 4;
    %pushi/vec4 1, 0, 4;
    %store/vec4 v000001ca6c75ff90_0, 0, 4;
    %pushi/vec4 0, 0, 1;
    %store/vec4 v000001ca6c760030_0, 0, 1;
    %delay 10, 0;
    %pushi/vec4 10, 0, 4;
    %store/vec4 v000001ca6c75fe50_0, 0, 4;
    %pushi/vec4 5, 0, 4;
    %store/vec4 v000001ca6c75ff90_0, 0, 4;
    %pushi/vec4 1, 0, 1;
    %store/vec4 v000001ca6c760030_0, 0, 1;
    %delay 10, 0;
    %vpi_call 2 18 "$finish" {0 0 0};
    %end;
    .thread T_0;
# The file index is used to find the file name in the following table.
:file_names 5;
    "N/A";
    "<interactive>";
    "binadder_tb.v";
    "binadder.v";
    "full_adder.v";
