#! /c/Source/iverilog-install/bin/vvp
:ivl_version "12.0 (devel)" "(s20150603-1539-g2693dd32b)";
:ivl_delay_selection "TYPICAL";
:vpi_time_precision - 12;
:vpi_module "C:\iverilog\lib\ivl\system.vpi";
:vpi_module "C:\iverilog\lib\ivl\vhdl_sys.vpi";
:vpi_module "C:\iverilog\lib\ivl\vhdl_textio.vpi";
:vpi_module "C:\iverilog\lib\ivl\v2005_math.vpi";
:vpi_module "C:\iverilog\lib\ivl\va_math.vpi";
S_0000024c87db9b30 .scope module, "bin2gray_tb" "bin2gray_tb" 2 2;
 .timescale -9 -12;
v0000024c87e03620_0 .var "b", 3 0;
v0000024c87e03a80_0 .net "g", 3 0, L_0000024c87e03bc0;  1 drivers
S_0000024c87e06180 .scope module, "dut" "bintogray" 2 5, 3 1 0, S_0000024c87db9b30;
 .timescale 0 0;
    .port_info 0 /INPUT 4 "b";
    .port_info 1 /OUTPUT 4 "g";
L_0000024c87e08420 .functor XOR 1, L_0000024c87e03940, L_0000024c87e03120, C4<0>, C4<0>;
L_0000024c87e08730 .functor XOR 1, L_0000024c87e03580, L_0000024c87e039e0, C4<0>, C4<0>;
L_0000024c87e08030 .functor XOR 1, L_0000024c87e033a0, L_0000024c87e03800, C4<0>, C4<0>;
v0000024c87db6c40_0 .net *"_ivl_10", 0 0, L_0000024c87e08420;  1 drivers
v0000024c87db6850_0 .net *"_ivl_15", 0 0, L_0000024c87e03580;  1 drivers
v0000024c87db8260_0 .net *"_ivl_17", 0 0, L_0000024c87e039e0;  1 drivers
v0000024c87e0ade0_0 .net *"_ivl_18", 0 0, L_0000024c87e08730;  1 drivers
v0000024c87e06310_0 .net *"_ivl_24", 0 0, L_0000024c87e033a0;  1 drivers
v0000024c87e063b0_0 .net *"_ivl_26", 0 0, L_0000024c87e03800;  1 drivers
v0000024c87e06450_0 .net *"_ivl_27", 0 0, L_0000024c87e08030;  1 drivers
v0000024c87e036c0_0 .net *"_ivl_3", 0 0, L_0000024c87e03300;  1 drivers
v0000024c87e03760_0 .net *"_ivl_7", 0 0, L_0000024c87e03940;  1 drivers
v0000024c87e03440_0 .net *"_ivl_9", 0 0, L_0000024c87e03120;  1 drivers
v0000024c87e034e0_0 .net "b", 3 0, v0000024c87e03620_0;  1 drivers
v0000024c87e03e40_0 .net "g", 3 0, L_0000024c87e03bc0;  alias, 1 drivers
L_0000024c87e03300 .part v0000024c87e03620_0, 3, 1;
L_0000024c87e03940 .part v0000024c87e03620_0, 3, 1;
L_0000024c87e03120 .part v0000024c87e03620_0, 2, 1;
L_0000024c87e03580 .part v0000024c87e03620_0, 2, 1;
L_0000024c87e039e0 .part v0000024c87e03620_0, 1, 1;
L_0000024c87e03bc0 .concat8 [ 1 1 1 1], L_0000024c87e08030, L_0000024c87e08730, L_0000024c87e08420, L_0000024c87e03300;
L_0000024c87e033a0 .part v0000024c87e03620_0, 1, 1;
L_0000024c87e03800 .part v0000024c87e03620_0, 0, 1;
    .scope S_0000024c87db9b30;
T_0 ;
    %vpi_call 2 7 "$dumpfile", "bin2gray.vcd" {0 0 0};
    %vpi_call 2 8 "$dumpvars", 32'sb00000000000000000000000000000000, S_0000024c87db9b30 {0 0 0};
    %pushi/vec4 0, 0, 4;
    %store/vec4 v0000024c87e03620_0, 0, 4;
    %delay 10000, 0;
    %pushi/vec4 1, 0, 4;
    %store/vec4 v0000024c87e03620_0, 0, 4;
    %delay 10000, 0;
    %pushi/vec4 2, 0, 4;
    %store/vec4 v0000024c87e03620_0, 0, 4;
    %delay 10000, 0;
    %pushi/vec4 3, 0, 4;
    %store/vec4 v0000024c87e03620_0, 0, 4;
    %delay 10000, 0;
    %pushi/vec4 4, 0, 4;
    %store/vec4 v0000024c87e03620_0, 0, 4;
    %delay 10000, 0;
    %pushi/vec4 5, 0, 4;
    %store/vec4 v0000024c87e03620_0, 0, 4;
    %delay 10000, 0;
    %pushi/vec4 6, 0, 4;
    %store/vec4 v0000024c87e03620_0, 0, 4;
    %delay 10000, 0;
    %pushi/vec4 7, 0, 4;
    %store/vec4 v0000024c87e03620_0, 0, 4;
    %delay 10000, 0;
    %pushi/vec4 8, 0, 4;
    %store/vec4 v0000024c87e03620_0, 0, 4;
    %delay 10000, 0;
    %pushi/vec4 9, 0, 4;
    %store/vec4 v0000024c87e03620_0, 0, 4;
    %delay 10000, 0;
    %pushi/vec4 10, 0, 4;
    %store/vec4 v0000024c87e03620_0, 0, 4;
    %delay 10000, 0;
    %pushi/vec4 11, 0, 4;
    %store/vec4 v0000024c87e03620_0, 0, 4;
    %delay 10000, 0;
    %pushi/vec4 12, 0, 4;
    %store/vec4 v0000024c87e03620_0, 0, 4;
    %delay 10000, 0;
    %pushi/vec4 13, 0, 4;
    %store/vec4 v0000024c87e03620_0, 0, 4;
    %delay 10000, 0;
    %pushi/vec4 14, 0, 4;
    %store/vec4 v0000024c87e03620_0, 0, 4;
    %delay 10000, 0;
    %pushi/vec4 15, 0, 4;
    %store/vec4 v0000024c87e03620_0, 0, 4;
    %delay 10000, 0;
    %vpi_call 2 26 "$finish" {0 0 0};
    %end;
    .thread T_0;
# The file index is used to find the file name in the following table.
:file_names 4;
    "N/A";
    "<interactive>";
    "bin2gray_tb.v";
    "bintogray.v";
