#! /c/Source/iverilog-install/bin/vvp
:ivl_version "12.0 (devel)" "(s20150603-1539-g2693dd32b)";
:ivl_delay_selection "TYPICAL";
:vpi_time_precision + 0;
:vpi_module "C:\iverilog\lib\ivl\system.vpi";
:vpi_module "C:\iverilog\lib\ivl\vhdl_sys.vpi";
:vpi_module "C:\iverilog\lib\ivl\vhdl_textio.vpi";
:vpi_module "C:\iverilog\lib\ivl\v2005_math.vpi";
:vpi_module "C:\iverilog\lib\ivl\va_math.vpi";
S_00000175d811bb40 .scope module, "comparator_tb" "comparator_tb" 2 1;
 .timescale 0 0;
v00000175d8116440_0 .var "a", 1 0;
v00000175d81164e0_0 .net "a_eq_b", 0 0, v00000175d811b180_0;  1 drivers
v00000175d8116580_0 .net "a_gt_b", 0 0, v00000175d811b220_0;  1 drivers
v00000175d8116620_0 .net "a_lt_b", 0 0, v00000175d811b2c0_0;  1 drivers
v00000175d81166c0_0 .var "b", 1 0;
S_00000175d811ab90 .scope module, "uut" "comparator" 2 6, 3 1 0, S_00000175d811bb40;
 .timescale 0 0;
    .port_info 0 /INPUT 2 "a";
    .port_info 1 /INPUT 2 "b";
    .port_info 2 /OUTPUT 1 "a_gt_b";
    .port_info 3 /OUTPUT 1 "a_eq_b";
    .port_info 4 /OUTPUT 1 "a_lt_b";
v00000175d8116b70_0 .net "a", 1 0, v00000175d8116440_0;  1 drivers
v00000175d811b180_0 .var "a_eq_b", 0 0;
v00000175d811b220_0 .var "a_gt_b", 0 0;
v00000175d811b2c0_0 .var "a_lt_b", 0 0;
v00000175d81163a0_0 .net "b", 1 0, v00000175d81166c0_0;  1 drivers
E_00000175d80199e0 .event anyedge, v00000175d8116b70_0, v00000175d81163a0_0;
    .scope S_00000175d811ab90;
T_0 ;
    %wait E_00000175d80199e0;
    %load/vec4 v00000175d81163a0_0;
    %load/vec4 v00000175d8116b70_0;
    %cmp/u;
    %jmp/0xz  T_0.0, 5;
    %pushi/vec4 1, 0, 1;
    %store/vec4 v00000175d811b220_0, 0, 1;
    %pushi/vec4 0, 0, 1;
    %store/vec4 v00000175d811b180_0, 0, 1;
    %pushi/vec4 0, 0, 1;
    %store/vec4 v00000175d811b2c0_0, 0, 1;
    %jmp T_0.1;
T_0.0 ;
    %load/vec4 v00000175d8116b70_0;
    %load/vec4 v00000175d81163a0_0;
    %cmp/e;
    %jmp/0xz  T_0.2, 4;
    %pushi/vec4 0, 0, 1;
    %store/vec4 v00000175d811b220_0, 0, 1;
    %pushi/vec4 1, 0, 1;
    %store/vec4 v00000175d811b180_0, 0, 1;
    %pushi/vec4 0, 0, 1;
    %store/vec4 v00000175d811b2c0_0, 0, 1;
    %jmp T_0.3;
T_0.2 ;
    %pushi/vec4 0, 0, 1;
    %store/vec4 v00000175d811b220_0, 0, 1;
    %pushi/vec4 0, 0, 1;
    %store/vec4 v00000175d811b180_0, 0, 1;
    %pushi/vec4 1, 0, 1;
    %store/vec4 v00000175d811b2c0_0, 0, 1;
T_0.3 ;
T_0.1 ;
    %jmp T_0;
    .thread T_0, $push;
    .scope S_00000175d811bb40;
T_1 ;
    %vpi_call 2 16 "$dumpfile", "wave.vcd" {0 0 0};
    %vpi_call 2 17 "$dumpvars", 32'sb00000000000000000000000000000000, S_00000175d811bb40 {0 0 0};
    %vpi_call 2 19 "$display", " a  b | gt eq lt" {0 0 0};
    %vpi_call 2 20 "$display", "--------------" {0 0 0};
    %pushi/vec4 0, 0, 2;
    %store/vec4 v00000175d8116440_0, 0, 2;
    %pushi/vec4 2, 0, 2;
    %store/vec4 v00000175d81166c0_0, 0, 2;
    %delay 10, 0;
    %vpi_call 2 23 "$display", "%b %b |  %b  %b  %b", v00000175d8116440_0, v00000175d81166c0_0, v00000175d8116580_0, v00000175d81164e0_0, v00000175d8116620_0 {0 0 0};
    %pushi/vec4 3, 0, 2;
    %store/vec4 v00000175d8116440_0, 0, 2;
    %pushi/vec4 1, 0, 2;
    %store/vec4 v00000175d81166c0_0, 0, 2;
    %delay 10, 0;
    %vpi_call 2 26 "$display", "%b %b |  %b  %b  %b", v00000175d8116440_0, v00000175d81166c0_0, v00000175d8116580_0, v00000175d81164e0_0, v00000175d8116620_0 {0 0 0};
    %pushi/vec4 2, 0, 2;
    %store/vec4 v00000175d8116440_0, 0, 2;
    %pushi/vec4 2, 0, 2;
    %store/vec4 v00000175d81166c0_0, 0, 2;
    %delay 10, 0;
    %vpi_call 2 29 "$display", "%b %b |  %b  %b  %b", v00000175d8116440_0, v00000175d81166c0_0, v00000175d8116580_0, v00000175d81164e0_0, v00000175d8116620_0 {0 0 0};
    %vpi_call 2 31 "$finish" {0 0 0};
    %end;
    .thread T_1;
# The file index is used to find the file name in the following table.
:file_names 4;
    "N/A";
    "<interactive>";
    "comparator_tb.v";
    "comparator.v";
